<?xml version="1.0" encoding="UTF-8"?>
<!-- Generated by org.testng.reporters.JUnitReportReporter -->
<testsuite hostname="DESKTOP-KQQB62G" failures="0" tests="3" name="databaseTesting.databaseTesting.AppTest" time="0.802" errors="0" timestamp="2025-05-11T16:30:14 AST" skipped="2">
  <testcase classname="databaseTesting.databaseTesting.AppTest" name="ReadInToDatabase" time="0.802"/>
  <testcase classname="databaseTesting.databaseTesting.AppTest" name="createCustomer">
    <skipped/>
  </testcase> <!-- createCustomer -->
  <testcase classname="databaseTesting.databaseTesting.AppTest" name="UpdateCustomer">
    <skipped/>
  </testcase> <!-- UpdateCustomer -->
</testsuite> <!-- databaseTesting.databaseTesting.AppTest -->
